0 info it worked if it ends with ok
1 verbose cli [ '/Users/satoshi/.nodebrew/node/v7.7.3/bin/node',
1 verbose cli   '/Users/satoshi/.nodebrew/current/bin/npm',
1 verbose cli   'i',
1 verbose cli   'threebox' ]
2 info using npm@4.1.2
3 info using node@v7.7.3
4 silly loadCurrentTree Starting
5 silly install loadCurrentTree
6 silly install readLocalPackageData
7 silly fetchPackageMetaData threebox
8 silly fetchNamedPackageData threebox
9 silly mapToRegistry name threebox
10 silly mapToRegistry using default registry
11 silly mapToRegistry registry https://registry.npmjs.org/
12 silly mapToRegistry data Result {
12 silly mapToRegistry   raw: 'threebox',
12 silly mapToRegistry   scope: null,
12 silly mapToRegistry   escapedName: 'threebox',
12 silly mapToRegistry   name: 'threebox',
12 silly mapToRegistry   rawSpec: '',
12 silly mapToRegistry   spec: 'latest',
12 silly mapToRegistry   type: 'tag' }
13 silly mapToRegistry uri https://registry.npmjs.org/threebox
14 verbose request uri https://registry.npmjs.org/threebox
15 verbose request no auth needed
16 info attempt registry request try #1 at 18:14:09
17 verbose request id e22eec8850c6641a
18 verbose etag W/"592ed2d1-2a16"
19 verbose lastModified Wed, 31 May 2017 14:27:29 GMT
20 http request GET https://registry.npmjs.org/threebox
21 http 200 https://registry.npmjs.org/threebox
22 verbose headers { date: 'Thu, 25 Jul 2019 09:14:09 GMT',
22 verbose headers   'content-type': 'application/json; charset=UTF-8',
22 verbose headers   'transfer-encoding': 'chunked',
22 verbose headers   connection: 'keep-alive',
22 verbose headers   'set-cookie': [ '__cfduid=d90f4f38fa90185a290b109743758a2961564046049; expires=Fri, 24-Jul-20 09:14:09 GMT; path=/; domain=.npmjs.org; HttpOnly' ],
22 verbose headers   'cf-cache-status': 'REVALIDATED',
22 verbose headers   'cache-control': 'max-age=300',
22 verbose headers   'cf-ray': '4fbd05a0ece6a546-NRT',
22 verbose headers   etag: 'W/"5d42fc865ea91642d0cbea24ca40bbe7"',
22 verbose headers   'expect-ct': 'max-age=604800, report-uri="https://report-uri.cloudflare.com/cdn-cgi/beacon/expect-ct"',
22 verbose headers   'last-modified': 'Sun, 27 May 2018 19:27:14 GMT',
22 verbose headers   vary: 'accept-encoding, accept',
22 verbose headers   server: 'cloudflare',
22 verbose headers   'content-encoding': 'gzip' }
23 silly get cb [ 200,
23 silly get   { date: 'Thu, 25 Jul 2019 09:14:09 GMT',
23 silly get     'content-type': 'application/json; charset=UTF-8',
23 silly get     'transfer-encoding': 'chunked',
23 silly get     connection: 'keep-alive',
23 silly get     'set-cookie': [ '__cfduid=d90f4f38fa90185a290b109743758a2961564046049; expires=Fri, 24-Jul-20 09:14:09 GMT; path=/; domain=.npmjs.org; HttpOnly' ],
23 silly get     'cf-cache-status': 'REVALIDATED',
23 silly get     'cache-control': 'max-age=300',
23 silly get     'cf-ray': '4fbd05a0ece6a546-NRT',
23 silly get     etag: 'W/"5d42fc865ea91642d0cbea24ca40bbe7"',
23 silly get     'expect-ct': 'max-age=604800, report-uri="https://report-uri.cloudflare.com/cdn-cgi/beacon/expect-ct"',
23 silly get     'last-modified': 'Sun, 27 May 2018 19:27:14 GMT',
23 silly get     vary: 'accept-encoding, accept',
23 silly get     server: 'cloudflare',
23 silly get     'content-encoding': 'gzip' } ]
24 verbose get saving threebox to /Users/satoshi/.npm/registry.npmjs.org/threebox/.cache.json
25 verbose correctMkdir /Users/satoshi/.npm correctMkdir not in flight; initializing
26 silly install normalizeTree
27 silly loadCurrentTree Finishing
28 silly loadIdealTree Starting
29 silly install loadIdealTree
30 silly cloneCurrentTree Starting
31 silly install cloneCurrentTreeToIdealTree
32 silly cloneCurrentTree Finishing
33 silly loadShrinkwrap Starting
34 silly install loadShrinkwrap
35 silly loadShrinkwrap Finishing
36 silly loadAllDepsIntoIdealTree Starting
37 silly install loadAllDepsIntoIdealTree
38 silly rollbackFailedOptional Starting
39 silly rollbackFailedOptional Finishing
40 silly runTopLevelLifecycles Finishing
41 silly install printInstalled
42 verbose stack Error: Refusing to install package with name "threebox" under a package
42 verbose stack also called "threebox". Did you name your project the same
42 verbose stack as the dependency you're installing?
42 verbose stack
42 verbose stack For more information, see:
42 verbose stack     <https://docs.npmjs.com/cli/install#limitations-of-npms-install-algorithm>
42 verbose stack     at checkSelf (/Users/satoshi/.nodebrew/node/v7.7.3/lib/node_modules/npm/lib/install/validate-args.js:53:14)
42 verbose stack     at Array.<anonymous> (/Users/satoshi/.nodebrew/node/v7.7.3/lib/node_modules/npm/node_modules/slide/lib/bind-actor.js:15:8)
42 verbose stack     at LOOP (/Users/satoshi/.nodebrew/node/v7.7.3/lib/node_modules/npm/node_modules/slide/lib/chain.js:15:14)
42 verbose stack     at chain (/Users/satoshi/.nodebrew/node/v7.7.3/lib/node_modules/npm/node_modules/slide/lib/chain.js:20:5)
42 verbose stack     at /Users/satoshi/.nodebrew/node/v7.7.3/lib/node_modules/npm/lib/install/validate-args.js:16:5
42 verbose stack     at /Users/satoshi/.nodebrew/node/v7.7.3/lib/node_modules/npm/node_modules/slide/lib/async-map.js:52:35
42 verbose stack     at Array.forEach (native)
42 verbose stack     at /Users/satoshi/.nodebrew/node/v7.7.3/lib/node_modules/npm/node_modules/slide/lib/async-map.js:52:11
42 verbose stack     at Array.forEach (native)
42 verbose stack     at asyncMap (/Users/satoshi/.nodebrew/node/v7.7.3/lib/node_modules/npm/node_modules/slide/lib/async-map.js:51:8)
43 verbose cwd /Users/satoshi/Desktop/RBS/Dev/proto/threebox
44 error Darwin 18.7.0
45 error argv "/Users/satoshi/.nodebrew/node/v7.7.3/bin/node" "/Users/satoshi/.nodebrew/current/bin/npm" "i" "threebox"
46 error node v7.7.3
47 error npm  v4.1.2
48 error code ENOSELF
49 error Refusing to install package with name "threebox" under a package
49 error also called "threebox". Did you name your project the same
49 error as the dependency you're installing?
49 error
49 error For more information, see:
49 error     <https://docs.npmjs.com/cli/install#limitations-of-npms-install-algorithm>
50 error If you need help, you may report this error at:
50 error     <https://github.com/npm/npm/issues>
51 verbose exit [ 1, true ]
